{"numTotalTestSuites":15,"numPassedTestSuites":15,"numFailedTestSuites":0,"numPendingTestSuites":0,"numTotalTests":31,"numPassedTests":31,"numFailedTests":0,"numPendingTests":0,"numTodoTests":0,"snapshot":{"added":0,"failure":false,"filesAdded":0,"filesRemoved":0,"filesRemovedList":[],"filesUnmatched":0,"filesUpdated":0,"matched":0,"total":0,"unchecked":0,"uncheckedKeysByFile":[],"unmatched":0,"updated":0,"didUpdate":false},"startTime":1765481913915,"success":true,"testResults":[{"assertionResults":[{"ancestorTitles":["Placement de jetons","placerJeton"],"fullName":"Placement de jetons placerJeton place un jeton joueur1 dans une colonne vide","status":"passed","title":"place un jeton joueur1 dans une colonne vide","duration":1.29849999999999,"failureMessages":[],"meta":{}},{"ancestorTitles":["Placement de jetons","placerJeton"],"fullName":"Placement de jetons placerJeton place un jeton joueur2 dans une colonne vide","status":"passed","title":"place un jeton joueur2 dans une colonne vide","duration":0.2074000000000069,"failureMessages":[],"meta":{}},{"ancestorTitles":["Placement de jetons","placerJeton"],"fullName":"Placement de jetons placerJeton empile correctement les jetons","status":"passed","title":"empile correctement les jetons","duration":0.19429999999999836,"failureMessages":[],"meta":{}},{"ancestorTitles":["Placement de jetons","placerJeton"],"fullName":"Placement de jetons placerJeton retourne false si la colonne est pleine","status":"passed","title":"retourne false si la colonne est pleine","duration":0.17969999999999686,"failureMessages":[],"meta":{}},{"ancestorTitles":["Placement de jetons","placerJeton"],"fullName":"Placement de jetons placerJeton ne modifie pas le plateau si la colonne est pleine","status":"passed","title":"ne modifie pas le plateau si la colonne est pleine","duration":1.0430000000000064,"failureMessages":[],"meta":{}},{"ancestorTitles":["Placement de jetons","placerJeton"],"fullName":"Placement de jetons placerJeton gère plusieurs colonnes indépendamment","status":"passed","title":"gère plusieurs colonnes indépendamment","duration":0.3050000000000068,"failureMessages":[],"meta":{}}],"startTime":1765481957107,"endTime":1765481957110.305,"status":"passed","message":"","name":"D:/heh-dst/programmation/exercices/jeux-tp2/src/test/jeu.test.ts"},{"assertionResults":[{"ancestorTitles":["Gravité et disponibilité","obtenirPremiereLigneDispo"],"fullName":"Gravité et disponibilité obtenirPremiereLigneDispo retourne la ligne du bas (5) si colonne vide","status":"passed","title":"retourne la ligne du bas (5) si colonne vide","duration":1.2571999999999832,"failureMessages":[],"meta":{}},{"ancestorTitles":["Gravité et disponibilité","obtenirPremiereLigneDispo"],"fullName":"Gravité et disponibilité obtenirPremiereLigneDispo retourne la ligne au-dessus si un jeton déjà placé","status":"passed","title":"retourne la ligne au-dessus si un jeton déjà placé","duration":0.1928000000000054,"failureMessages":[],"meta":{}},{"ancestorTitles":["Gravité et disponibilité","obtenirPremiereLigneDispo"],"fullName":"Gravité et disponibilité obtenirPremiereLigneDispo retourne la bonne ligne avec plusieurs jetons empilés","status":"passed","title":"retourne la bonne ligne avec plusieurs jetons empilés","duration":0.14969999999999573,"failureMessages":[],"meta":{}},{"ancestorTitles":["Gravité et disponibilité","obtenirPremiereLigneDispo"],"fullName":"Gravité et disponibilité obtenirPremiereLigneDispo retourne null si la colonne est pleine","status":"passed","title":"retourne null si la colonne est pleine","duration":0.18479999999999563,"failureMessages":[],"meta":{}},{"ancestorTitles":["Gravité et disponibilité","obtenirPremiereLigneDispo"],"fullName":"Gravité et disponibilité obtenirPremiereLigneDispo gère correctement toutes les colonnes","status":"passed","title":"gère correctement toutes les colonnes","duration":0.28659999999999286,"failureMessages":[],"meta":{}}],"startTime":1765481957107,"endTime":1765481957109.2866,"status":"passed","message":"","name":"D:/heh-dst/programmation/exercices/jeux-tp2/src/test/gravite.test.ts"},{"assertionResults":[{"ancestorTitles":["Détection de victoire","verifierLigne"],"fullName":"Détection de victoire verifierLigne détecte 4 jetons alignés horizontalement","status":"passed","title":"détecte 4 jetons alignés horizontalement","duration":1.2608999999999924,"failureMessages":[],"meta":{}},{"ancestorTitles":["Détection de victoire","verifierLigne"],"fullName":"Détection de victoire verifierLigne retourne false si seulement 3 jetons alignés","status":"passed","title":"retourne false si seulement 3 jetons alignés","duration":0.17770000000001573,"failureMessages":[],"meta":{}},{"ancestorTitles":["Détection de victoire","verifierLigne"],"fullName":"Détection de victoire verifierLigne retourne false si alignement interrompu","status":"passed","title":"retourne false si alignement interrompu","duration":0.13390000000001123,"failureMessages":[],"meta":{}},{"ancestorTitles":["Détection de victoire","verifierLigne"],"fullName":"Détection de victoire verifierLigne détecte alignement au milieu du plateau","status":"passed","title":"détecte alignement au milieu du plateau","duration":0.19660000000001787,"failureMessages":[],"meta":{}},{"ancestorTitles":["Détection de victoire","verifierLigne"],"fullName":"Détection de victoire verifierLigne ne détecte pas alignement d'un autre joueur","status":"passed","title":"ne détecte pas alignement d'un autre joueur","duration":0.183400000000006,"failureMessages":[],"meta":{}},{"ancestorTitles":["Détection de victoire","verifierColonne"],"fullName":"Détection de victoire verifierColonne détecte 4 jetons alignés verticalement","status":"passed","title":"détecte 4 jetons alignés verticalement","duration":0.20879999999999654,"failureMessages":[],"meta":{}},{"ancestorTitles":["Détection de victoire","verifierColonne"],"fullName":"Détection de victoire verifierColonne retourne false si seulement 3 jetons empilés","status":"passed","title":"retourne false si seulement 3 jetons empilés","duration":0.13689999999999714,"failureMessages":[],"meta":{}},{"ancestorTitles":["Détection de victoire","verifierColonne"],"fullName":"Détection de victoire verifierColonne retourne false si alignement interrompu","status":"passed","title":"retourne false si alignement interrompu","duration":0.125,"failureMessages":[],"meta":{}},{"ancestorTitles":["Détection de victoire","verifierColonne"],"fullName":"Détection de victoire verifierColonne détecte alignement dans différentes colonnes","status":"passed","title":"détecte alignement dans différentes colonnes","duration":0.16749999999998977,"failureMessages":[],"meta":{}},{"ancestorTitles":["Détection de victoire","verifierDiagonales"],"fullName":"Détection de victoire verifierDiagonales détecte diagonale descendante (\\)","status":"passed","title":"détecte diagonale descendante (\\)","duration":0.349899999999991,"failureMessages":[],"meta":{}},{"ancestorTitles":["Détection de victoire","verifierDiagonales"],"fullName":"Détection de victoire verifierDiagonales détecte diagonale montante (/)","status":"passed","title":"détecte diagonale montante (/)","duration":0.15049999999999386,"failureMessages":[],"meta":{}},{"ancestorTitles":["Détection de victoire","verifierDiagonales"],"fullName":"Détection de victoire verifierDiagonales retourne false sans diagonale complète","status":"passed","title":"retourne false sans diagonale complète","duration":0.10960000000000036,"failureMessages":[],"meta":{}}],"startTime":1765481957107,"endTime":1765481957110.3499,"status":"passed","message":"","name":"D:/heh-dst/programmation/exercices/jeux-tp2/src/test/victoire.test.ts"},{"assertionResults":[{"ancestorTitles":["Bonus : Match nul"],"fullName":"Bonus : Match nul retourne false si plateau vide","status":"passed","title":"retourne false si plateau vide","duration":1.690100000000001,"failureMessages":[],"meta":{}},{"ancestorTitles":["Bonus : Match nul"],"fullName":"Bonus : Match nul retourne false si plateau partiellement rempli","status":"passed","title":"retourne false si plateau partiellement rempli","duration":0.4356000000000222,"failureMessages":[],"meta":{}},{"ancestorTitles":["Bonus : Match nul"],"fullName":"Bonus : Match nul retourne true si plateau complètement rempli","status":"passed","title":"retourne true si plateau complètement rempli","duration":0.3494999999999777,"failureMessages":[],"meta":{}},{"ancestorTitles":["Bonus : Match nul"],"fullName":"Bonus : Match nul retourne false si une seule case vide","status":"passed","title":"retourne false si une seule case vide","duration":0.34440000000000737,"failureMessages":[],"meta":{}}],"startTime":1765481957107,"endTime":1765481957110.3445,"status":"passed","message":"","name":"D:/heh-dst/programmation/exercices/jeux-tp2/src/test/bonus.test.ts"},{"assertionResults":[{"ancestorTitles":["Création du plateau"],"fullName":"Création du plateau crée un plateau 6×7","status":"passed","title":"crée un plateau 6×7","duration":1.0454000000000008,"failureMessages":[],"meta":{}},{"ancestorTitles":["Création du plateau"],"fullName":"Création du plateau crée un tableau de 42 cases","status":"passed","title":"crée un tableau de 42 cases","duration":0.14150000000000773,"failureMessages":[],"meta":{}},{"ancestorTitles":["Création du plateau"],"fullName":"Création du plateau initialise toutes les cases à \"vide\"","status":"passed","title":"initialise toutes les cases à \"vide\"","duration":0.14029999999999632,"failureMessages":[],"meta":{}},{"ancestorTitles":["Création du plateau"],"fullName":"Création du plateau retourne un nouveau plateau à chaque appel","status":"passed","title":"retourne un nouveau plateau à chaque appel","duration":1.2546000000000106,"failureMessages":[],"meta":{}}],"startTime":1765481957107,"endTime":1765481957109.2546,"status":"passed","message":"","name":"D:/heh-dst/programmation/exercices/jeux-tp2/src/test/plateau.test.ts"}]}