{"numTotalTestSuites":15,"numPassedTestSuites":15,"numFailedTestSuites":0,"numPendingTestSuites":0,"numTotalTests":31,"numPassedTests":31,"numFailedTests":0,"numPendingTests":0,"numTodoTests":0,"snapshot":{"added":0,"failure":false,"filesAdded":0,"filesRemoved":0,"filesRemovedList":[],"filesUnmatched":0,"filesUpdated":0,"matched":0,"total":0,"unchecked":0,"uncheckedKeysByFile":[],"unmatched":0,"updated":0,"didUpdate":false},"startTime":1765482379295,"success":true,"testResults":[{"assertionResults":[{"ancestorTitles":["Bonus : Match nul"],"fullName":"Bonus : Match nul retourne false si plateau vide","status":"passed","title":"retourne false si plateau vide","duration":1.1430000000000007,"failureMessages":[],"meta":{}},{"ancestorTitles":["Bonus : Match nul"],"fullName":"Bonus : Match nul retourne false si plateau partiellement rempli","status":"passed","title":"retourne false si plateau partiellement rempli","duration":0.25279999999997926,"failureMessages":[],"meta":{}},{"ancestorTitles":["Bonus : Match nul"],"fullName":"Bonus : Match nul retourne true si plateau complètement rempli","status":"passed","title":"retourne true si plateau complètement rempli","duration":0.1856999999999971,"failureMessages":[],"meta":{}},{"ancestorTitles":["Bonus : Match nul"],"fullName":"Bonus : Match nul retourne false si une seule case vide","status":"passed","title":"retourne false si une seule case vide","duration":0.2126999999999839,"failureMessages":[],"meta":{}}],"startTime":1765482379593,"endTime":1765482379594.2527,"status":"passed","message":"","name":"D:/heh-dst/programmation/exercices/jeux-tp2/src/test/bonus.test.ts"},{"assertionResults":[{"ancestorTitles":["Gravité et disponibilité","obtenirPremiereLigneDispo"],"fullName":"Gravité et disponibilité obtenirPremiereLigneDispo retourne la ligne du bas (5) si colonne vide","status":"passed","title":"retourne la ligne du bas (5) si colonne vide","duration":1.2836999999999819,"failureMessages":[],"meta":{}},{"ancestorTitles":["Gravité et disponibilité","obtenirPremiereLigneDispo"],"fullName":"Gravité et disponibilité obtenirPremiereLigneDispo retourne la ligne au-dessus si un jeton déjà placé","status":"passed","title":"retourne la ligne au-dessus si un jeton déjà placé","duration":0.19709999999997763,"failureMessages":[],"meta":{}},{"ancestorTitles":["Gravité et disponibilité","obtenirPremiereLigneDispo"],"fullName":"Gravité et disponibilité obtenirPremiereLigneDispo retourne la bonne ligne avec plusieurs jetons empilés","status":"passed","title":"retourne la bonne ligne avec plusieurs jetons empilés","duration":0.15709999999998558,"failureMessages":[],"meta":{}},{"ancestorTitles":["Gravité et disponibilité","obtenirPremiereLigneDispo"],"fullName":"Gravité et disponibilité obtenirPremiereLigneDispo retourne null si la colonne est pleine","status":"passed","title":"retourne null si la colonne est pleine","duration":0.1973000000000127,"failureMessages":[],"meta":{}},{"ancestorTitles":["Gravité et disponibilité","obtenirPremiereLigneDispo"],"fullName":"Gravité et disponibilité obtenirPremiereLigneDispo gère correctement toutes les colonnes","status":"passed","title":"gère correctement toutes les colonnes","duration":0.29599999999999227,"failureMessages":[],"meta":{}}],"startTime":1765482379593,"endTime":1765482379595.296,"status":"passed","message":"","name":"D:/heh-dst/programmation/exercices/jeux-tp2/src/test/gravite.test.ts"},{"assertionResults":[{"ancestorTitles":["Placement de jetons","placerJeton"],"fullName":"Placement de jetons placerJeton place un jeton joueur1 dans une colonne vide","status":"passed","title":"place un jeton joueur1 dans une colonne vide","duration":1.5172000000000025,"failureMessages":[],"meta":{}},{"ancestorTitles":["Placement de jetons","placerJeton"],"fullName":"Placement de jetons placerJeton place un jeton joueur2 dans une colonne vide","status":"passed","title":"place un jeton joueur2 dans une colonne vide","duration":0.25240000000002283,"failureMessages":[],"meta":{}},{"ancestorTitles":["Placement de jetons","placerJeton"],"fullName":"Placement de jetons placerJeton empile correctement les jetons","status":"passed","title":"empile correctement les jetons","duration":0.27830000000000155,"failureMessages":[],"meta":{}},{"ancestorTitles":["Placement de jetons","placerJeton"],"fullName":"Placement de jetons placerJeton retourne false si la colonne est pleine","status":"passed","title":"retourne false si la colonne est pleine","duration":0.25389999999998736,"failureMessages":[],"meta":{}},{"ancestorTitles":["Placement de jetons","placerJeton"],"fullName":"Placement de jetons placerJeton ne modifie pas le plateau si la colonne est pleine","status":"passed","title":"ne modifie pas le plateau si la colonne est pleine","duration":0.8470000000000084,"failureMessages":[],"meta":{}},{"ancestorTitles":["Placement de jetons","placerJeton"],"fullName":"Placement de jetons placerJeton gère plusieurs colonnes indépendamment","status":"passed","title":"gère plusieurs colonnes indépendamment","duration":0.23920000000001096,"failureMessages":[],"meta":{}}],"startTime":1765482379593,"endTime":1765482379596.2393,"status":"passed","message":"","name":"D:/heh-dst/programmation/exercices/jeux-tp2/src/test/jeu.test.ts"},{"assertionResults":[{"ancestorTitles":["Création du plateau"],"fullName":"Création du plateau crée un plateau 6×7","status":"passed","title":"crée un plateau 6×7","duration":1.0531000000000006,"failureMessages":[],"meta":{}},{"ancestorTitles":["Création du plateau"],"fullName":"Création du plateau crée un tableau de 42 cases","status":"passed","title":"crée un tableau de 42 cases","duration":0.16370000000000573,"failureMessages":[],"meta":{}},{"ancestorTitles":["Création du plateau"],"fullName":"Création du plateau initialise toutes les cases à \"vide\"","status":"passed","title":"initialise toutes les cases à \"vide\"","duration":0.18790000000001328,"failureMessages":[],"meta":{}},{"ancestorTitles":["Création du plateau"],"fullName":"Création du plateau retourne un nouveau plateau à chaque appel","status":"passed","title":"retourne un nouveau plateau à chaque appel","duration":1.2574999999999932,"failureMessages":[],"meta":{}}],"startTime":1765482379593,"endTime":1765482379595.2576,"status":"passed","message":"","name":"D:/heh-dst/programmation/exercices/jeux-tp2/src/test/plateau.test.ts"},{"assertionResults":[{"ancestorTitles":["Détection de victoire","verifierLigne"],"fullName":"Détection de victoire verifierLigne détecte 4 jetons alignés horizontalement","status":"passed","title":"détecte 4 jetons alignés horizontalement","duration":1.4491999999999905,"failureMessages":[],"meta":{}},{"ancestorTitles":["Détection de victoire","verifierLigne"],"fullName":"Détection de victoire verifierLigne retourne false si seulement 3 jetons alignés","status":"passed","title":"retourne false si seulement 3 jetons alignés","duration":0.2254999999999825,"failureMessages":[],"meta":{}},{"ancestorTitles":["Détection de victoire","verifierLigne"],"fullName":"Détection de victoire verifierLigne retourne false si alignement interrompu","status":"passed","title":"retourne false si alignement interrompu","duration":0.16319999999998913,"failureMessages":[],"meta":{}},{"ancestorTitles":["Détection de victoire","verifierLigne"],"fullName":"Détection de victoire verifierLigne détecte alignement au milieu du plateau","status":"passed","title":"détecte alignement au milieu du plateau","duration":0.2909999999999968,"failureMessages":[],"meta":{}},{"ancestorTitles":["Détection de victoire","verifierLigne"],"fullName":"Détection de victoire verifierLigne ne détecte pas alignement d'un autre joueur","status":"passed","title":"ne détecte pas alignement d'un autre joueur","duration":0.26320000000001187,"failureMessages":[],"meta":{}},{"ancestorTitles":["Détection de victoire","verifierColonne"],"fullName":"Détection de victoire verifierColonne détecte 4 jetons alignés verticalement","status":"passed","title":"détecte 4 jetons alignés verticalement","duration":0.19589999999999463,"failureMessages":[],"meta":{}},{"ancestorTitles":["Détection de victoire","verifierColonne"],"fullName":"Détection de victoire verifierColonne retourne false si seulement 3 jetons empilés","status":"passed","title":"retourne false si seulement 3 jetons empilés","duration":0.13550000000003593,"failureMessages":[],"meta":{}},{"ancestorTitles":["Détection de victoire","verifierColonne"],"fullName":"Détection de victoire verifierColonne retourne false si alignement interrompu","status":"passed","title":"retourne false si alignement interrompu","duration":0.13920000000001664,"failureMessages":[],"meta":{}},{"ancestorTitles":["Détection de victoire","verifierColonne"],"fullName":"Détection de victoire verifierColonne détecte alignement dans différentes colonnes","status":"passed","title":"détecte alignement dans différentes colonnes","duration":0.16229999999995925,"failureMessages":[],"meta":{}},{"ancestorTitles":["Détection de victoire","verifierDiagonales"],"fullName":"Détection de victoire verifierDiagonales détecte diagonale descendante (\\)","status":"passed","title":"détecte diagonale descendante (\\)","duration":0.5498000000000047,"failureMessages":[],"meta":{}},{"ancestorTitles":["Détection de victoire","verifierDiagonales"],"fullName":"Détection de victoire verifierDiagonales détecte diagonale montante (/)","status":"passed","title":"détecte diagonale montante (/)","duration":0.23050000000000637,"failureMessages":[],"meta":{}},{"ancestorTitles":["Détection de victoire","verifierDiagonales"],"fullName":"Détection de victoire verifierDiagonales retourne false sans diagonale complète","status":"passed","title":"retourne false sans diagonale complète","duration":0.13630000000000564,"failureMessages":[],"meta":{}}],"startTime":1765482379593,"endTime":1765482379597.2305,"status":"passed","message":"","name":"D:/heh-dst/programmation/exercices/jeux-tp2/src/test/victoire.test.ts"}]}